S10 Layer A — Code Anatomy | 2026-05-12T05:58:43.159Z
Status: GO
Files: 188, Lines: 31884
Functions: 1962, Classes: 417
High Complexity (>10): 28
Code Smells: 144, Dead Code: 103, Concurrency: 1
SBOM Packages: 3
TLA+ Ready: True
  [P3] long_function: __init__() is 82 lines (max 80)
  [P3] too_many_parameters: run_diagnostics() has 9 parameters (max 6)
  [P3] too_many_parameters: audit_v18_7_gates() has 8 parameters (max 6)
  [P3] long_function: _build_context_summary() is 111 lines (max 80)
  [P3] deep_nesting: _build_context_summary() nesting depth 7 (max 5)
  [P3] long_function: act() is 737 lines (max 80)
  [P3] deep_nesting: act() nesting depth 7 (max 5)
  [P3] long_function: _handle_consent_response() is 90 lines (max 80)
  [P3] long_function: _handle_activation_intent() is 109 lines (max 80)
  [P4] magic_constants: 186 magic number constants detected
  [P4] magic_constants: 19 magic number constants detected
  [P3] long_function: compose() is 100 lines (max 80)
  [P3] too_many_parameters: compose() has 9 parameters (max 6)
  [P4] magic_constants: 24 magic number constants detected
  [P4] magic_constants: 22 magic number constants detected
  [P3] too_many_parameters: insert_fact() has 7 parameters (max 6)
  [P3] too_many_parameters: tag_event() has 7 parameters (max 6)
  [P3] too_many_parameters: run() has 9 parameters (max 6)
  [P4] magic_constants: 22 magic number constants detected
  [P4] magic_constants: 33 magic number constants detected
  [P4] magic_constants: 45 magic number constants detected
  [P3] deep_nesting: compute_flow() nesting depth 8 (max 5)
  [P4] magic_constants: 37 magic number constants detected
  [P3] too_many_parameters: audit() has 8 parameters (max 6)
  [P4] magic_constants: 14 magic number constants detected
  [P3] too_many_parameters: promote_to_fact() has 7 parameters (max 6)
  [P4] magic_constants: 19 magic number constants detected
  [P4] magic_constants: 36 magic number constants detected
  [P4] magic_constants: 25 magic number constants detected
  [P4] magic_constants: 20 magic number constants detected
  [P3] too_many_parameters: record_block() has 10 parameters (max 6)
  [P4] magic_constants: 11 magic number constants detected
  [P3] too_many_parameters: build_coach_context() has 10 parameters (max 6)
  [P4] magic_constants: 31 magic number constants detected
  [P3] too_many_parameters: __init__() has 8 parameters (max 6)
  [P3] deep_nesting: filter_payload() nesting depth 6 (max 5)
  [P4] magic_constants: 38 magic number constants detected
  [P4] magic_constants: 13 magic number constants detected
  [P4] magic_constants: 15 magic number constants detected
  [P3] too_many_parameters: _build_event_fields() has 8 parameters (max 6)
  [P3] long_function: create_genesis_event() is 85 lines (max 80)
  [P3] long_function: append_event() is 150 lines (max 80)
  [P3] long_function: verify_chain_integrity() is 91 lines (max 80)
  [P4] magic_constants: 13 magic number constants detected
  [P3] too_many_parameters: evaluate() has 7 parameters (max 6)
  [P4] magic_constants: 15 magic number constants detected
  [P3] long_function: resolve() is 88 lines (max 80)
  [P4] magic_constants: 18 magic number constants detected
  [P4] magic_constants: 13 magic number constants detected
  [P3] deep_nesting: _dispatch_to() nesting depth 6 (max 5)
  [P3] too_many_parameters: __init__() has 9 parameters (max 6)
  [P3] long_function: decide() is 93 lines (max 80)
  [P3] too_many_parameters: decide() has 8 parameters (max 6)
  [P3] too_many_parameters: _validate_inputs() has 7 parameters (max 6)
  [P4] magic_constants: 21 magic number constants detected
  [P3] long_function: evaluate() is 86 lines (max 80)
  [P3] too_many_parameters: _make_result() has 7 parameters (max 6)
  [P4] magic_constants: 17 magic number constants detected
  [P4] magic_constants: 13 magic number constants detected
  [P3] long_function: estimate() is 89 lines (max 80)
  [P4] magic_constants: 19 magic number constants detected
  [P3] too_many_parameters: _commit_to_ledger() has 8 parameters (max 6)
  [P3] long_function: run_pipeline() is 172 lines (max 80)
  [P3] too_many_parameters: run_pipeline() has 7 parameters (max 6)
  [P4] magic_constants: 17 magic number constants detected
  [P3] long_function: run_full_test() is 205 lines (max 80)
  [P4] magic_constants: 28 magic number constants detected
  [P4] magic_constants: 14 magic number constants detected
  [P4] magic_constants: 11 magic number constants detected
  [P4] magic_constants: 45 magic number constants detected
  [P4] magic_constants: 45 magic number constants detected
  [P4] magic_constants: 18 magic number constants detected
  [P4] magic_constants: 16 magic number constants detected
  [P4] magic_constants: 253 magic number constants detected
  [P4] magic_constants: 132 magic number constants detected
  [P4] magic_constants: 48 magic number constants detected
  [P3] deep_nesting: generate_all_combos() nesting depth 11 (max 5)
  [P3] long_function: generate_script_for_topic() is 376 lines (max 80)
  [P3] long_function: score_quality() is 101 lines (max 80)
  [P3] long_function: run_combo_subprocess() is 172 lines (max 80)
  [P3] long_function: main() is 165 lines (max 80)
  [P3] long_function: _write_final_report() is 133 lines (max 80)
  [P4] magic_constants: 128 magic number constants detected
  [P3] long_function: main() is 153 lines (max 80)
  [P4] magic_constants: 20 magic number constants detected
  [P3] long_function: run_combo_subprocess() is 82 lines (max 80)
  [P3] long_function: main() is 114 lines (max 80)
  [P4] magic_constants: 38 magic number constants detected
  [P4] magic_constants: 42 magic number constants detected
  [P4] magic_constants: 25 magic number constants detected
  [P4] magic_constants: 60 magic number constants detected
  [P4] magic_constants: 121 magic number constants detected
  [P4] magic_constants: 21 magic number constants detected
  [P4] magic_constants: 11 magic number constants detected
  [P4] magic_constants: 13 magic number constants detected
  [P4] magic_constants: 20 magic number constants detected
  [P4] magic_constants: 12 magic number constants detected
  [P4] magic_constants: 17 magic number constants detected
  [P4] magic_constants: 13 magic number constants detected
  [P4] magic_constants: 36 magic number constants detected
  [P4] magic_constants: 54 magic number constants detected
  [P4] magic_constants: 50 magic number constants detected
  [P4] magic_constants: 27 magic number constants detected
  [P4] magic_constants: 11 magic number constants detected
  [P4] magic_constants: 30 magic number constants detected
  [P4] magic_constants: 23 magic number constants detected
  [P4] magic_constants: 39 magic number constants detected
  [P4] magic_constants: 44 magic number constants detected
  [P4] magic_constants: 24 magic number constants detected
  [P4] magic_constants: 66 magic number constants detected
  [P4] magic_constants: 48 magic number constants detected
  [P3] long_function: main() is 119 lines (max 80)
  [P4] magic_constants: 54 magic number constants detected
  [P4] magic_constants: 49 magic number constants detected
  [P3] long_function: main() is 96 lines (max 80)
  [P3] deep_nesting: main() nesting depth 6 (max 5)
  [P4] magic_constants: 61 magic number constants detected
  [P4] magic_constants: 11 magic number constants detected
  [P3] long_function: run() is 306 lines (max 80)
  [P4] magic_constants: 31 magic number constants detected
  [P4] magic_constants: 13 magic number constants detected
  [P4] magic_constants: 48 magic number constants detected
  [P4] magic_constants: 42 magic number constants detected
  [P4] magic_constants: 12 magic number constants detected
  [P4] magic_constants: 36 magic number constants detected
  [P4] magic_constants: 26 magic number constants detected
  [P4] magic_constants: 39 magic number constants detected
  [P4] magic_constants: 177 magic number constants detected
  [P4] magic_constants: 222 magic number constants detected
  [P4] magic_constants: 154 magic number constants detected
  [P4] magic_constants: 11 magic number constants detected
  [P3] long_function: main() is 121 lines (max 80)
  [P4] magic_constants: 58 magic number constants detected
  [P4] magic_constants: 22 magic number constants detected
  [P4] magic_constants: 19 magic number constants detected
  [P4] magic_constants: 14 magic number constants detected
  [P3] too_many_parameters: _print_visual_summary() has 8 parameters (max 6)
  [P4] magic_constants: 16 magic number constants detected
  [P4] magic_constants: 13 magic number constants detected
  [P3] long_function: main() is 82 lines (max 80)
  [P4] magic_constants: 11 magic number constants detected
  [P3] too_many_parameters: _print_visual_summary() has 8 parameters (max 6)
  [P4] magic_constants: 23 magic number constants detected
  [P4] magic_constants: 29 magic number constants detected
  [P4] unused_import: Unused imports: DSLValidator, json
  [P4] unused_import: Unused imports: field
  [P4] unused_import: Unused imports: os
  [P4] unused_import: Unused imports: annotations, field, json
  [P4] unused_import: Unused imports: annotations, defaultdict, re
  [P4] unused_import: Unused imports: annotations
  [P4] unused_import: Unused imports: CoachAgent
  [P4] unused_import: Unused imports: annotations
  [P4] unused_import: Unused imports: annotations
  [P4] unused_import: Unused imports: annotations, field
  [P4] unused_import: Unused imports: annotations
  [P4] unused_import: Unused imports: annotations
  [P4] unused_import: Unused imports: annotations
  [P4] unused_import: Unused imports: annotations
  [P4] unused_import: Unused imports: annotations
  [P4] unused_import: Unused imports: annotations
  [P4] unused_import: Unused imports: annotations
  [P4] unused_import: Unused imports: QSCollector
  [P4] unused_import: Unused imports: AuditClassifier, P0_FIELDS, P1_FIELDS, compute_batch_stats, generate_audit_report
  [P4] unused_import: Unused imports: WINDOW_SCHEMA_VERSION, add_days_anchor, add_hours_offset, format_utc, get_window_30min, get_window_30min_parts, get_window_biweekly, parse_utc, validate_window_consistency, validate_window_id
  [P4] unused_import: Unused imports: GateEngine
  [P4] unused_import: Unused imports: EventStore
  [P4] unused_import: Unused imports: uuid
  [P4] unused_import: Unused imports: NoAssistEvaluator
  [P4] unused_import: Unused imports: DisagreementResolver
  [P4] unused_import: Unused imports: timezone
  [P4] unused_import: Unused imports: Analyze, Monitor
  [P4] unused_import: Unused imports: INTERVENTION_INTENSITIES
  [P4] unused_import: Unused imports: DecisionEngine
  [P4] unused_import: Unused imports: SemanticSafetyEngine
  [P4] unused_import: Unused imports: P0_FIELDS, P1_FIELDS, WINDOW_SCHEMA_VERSION
  [P4] unused_import: Unused imports: AUDIT_LEVELS, AuditLevel, CONFLICT_LEVELS, ConflictLevel, ContractViolationError, DECISION_CONFLICT_ESCALATE, DECISION_LRM_WEIGHT, DECISION_MAX_DELTA_PER_UPDATE, DECISION_MIN_WEIGHT, DECISION_ROBUST_WEIGHT, DECISION_UPDATE_WINDOW_DAYS, DECISION_WEIGHT_CREATIVITY, DECISION_WEIGHT_INDEPENDENCE, DECISION_WEIGHT_TRANSFER, DOMINANT_LAYERS, DecisionRejectedError, DominantLayer, GATE_DECISIONS, GateDecision, INTERVENTION_INTENSITIES, InterventionIntensity, L0StateOutput, L0_DWELL_MIN_SECONDS, L0_HYSTERESIS_ENTRY, L0_HYSTERESIS_EXIT, L0_MIN_SAMPLES, L0_SWITCH_PENALTY, L1ResidualOutput, L1_MEMORY_DECAY_RATE, L1_SHOCK_THRESHOLD, L1_TREND_MIN_WINDOWS, L2FeasibilityOutput, L2_CAPABILITY_MIN, L2_MOTIVATION_MIN, L2_OPPORTUNITY_MIN, MIDDLE_CONFIG_VERSION, MIDDLE_SCHEMA_VERSION, MiddlewareError, NO_ASSIST_LEVELS, NoAssistLevel, P0_FIELDS, P1_FIELDS, SEMANTIC_SAFETY_BLOCK_THRESHOLD, SEMANTIC_SAFETY_MIN_SCORE, SemanticSafetyError, StateEstimationError, UncertaintyVector, WINDOW_SCHEMA_VERSION
  [P4] unused_import: Unused imports: L0StateOutput
  [P4] unused_import: Unused imports: L0Estimator
  [P4] unused_import: Unused imports: L1ResidualOutput
  [P4] unused_import: Unused imports: L1Estimator
  [P4] unused_import: Unused imports: L2Estimator
  [P4] unused_import: Unused imports: run_orchestration
  [P4] unused_import: Unused imports: run_pipeline
  [P4] unused_import: Unused imports: format_output
  [P4] unused_import: Unused imports: generate_fallback
  [P4] unused_import: Unused imports: pytest
  [P4] unused_import: Unused imports: asyncio, pytest
  [P4] unused_import: Unused imports: pytest
  [P4] unused_import: Unused imports: pytest
  [P4] unused_import: Unused imports: pytest
  [P4] unused_import: Unused imports: pytest
  [P4] unused_import: Unused imports: pytest
  [P4] unused_import: Unused imports: pytest
  [P4] unused_import: Unused imports: P0_FIELDS
  [P4] unused_import: Unused imports: timedelta
  [P4] unused_import: Unused imports: pytest, uuid
  [P4] unused_import: Unused imports: pytest
  [P4] unused_import: Unused imports: DECISION_CONFLICT_ESCALATE, DECISION_LRM_WEIGHT, DECISION_MAX_DELTA_PER_UPDATE, DECISION_MIN_WEIGHT, DECISION_ROBUST_WEIGHT, DECISION_WEIGHT_CREATIVITY, DECISION_WEIGHT_INDEPENDENCE, L0_HYSTERESIS_ENTRY, L0_HYSTERESIS_EXIT, L0_MIN_SAMPLES, L0_SWITCH_PENALTY, L1_MEMORY_DECAY_RATE, L1_SHOCK_THRESHOLD, L1_TREND_MIN_WINDOWS, L2_CAPABILITY_MIN, L2_MOTIVATION_MIN, L2_OPPORTUNITY_MIN, SEMANTIC_SAFETY_BLOCK_THRESHOLD, datetime, format_utc, math, parse_utc, timezone
  [P4] unused_import: Unused imports: pytest
  [P4] unused_import: Unused imports: pytest
  [P4] unused_import: Unused imports: INTENSITY_MINIMAL, math
  [P4] unused_import: Unused imports: pytest
  [P4] unused_import: Unused imports: yaml
  [P4] unused_import: Unused imports: os
  [P4] unused_import: Unused imports: yaml
  [P4] unused_import: Unused imports: math
  [P4] unused_import: Unused imports: yaml
  [P4] unused_import: Unused imports: EXCURSION_MIN_EVIDENCE
  [P4] unused_import: Unused imports: SYSTEM_PROMPT, json, os
  [P4] unused_import: Unused imports: os, pytest
  [P4] unused_import: Unused imports: LLMOutputValidator, pytest, time
  [P4] unused_import: Unused imports: extract_memory_snippets, get_learning_path, pytest
  [P4] unused_import: Unused imports: pytest
  [P4] unused_import: Unused imports: json
  [P4] unused_import: Unused imports: pytest
  [P4] unused_import: Unused imports: pytest
  [P4] unused_import: Unused imports: pytest
  [P4] unused_import: Unused imports: pytest
  [P4] unused_import: Unused imports: CoachAgent, pytest
  [P4] unused_import: Unused imports: SCORE_THRESHOLD_PARTIAL
  [P4] unused_import: Unused imports: pytest
  [P4] unused_import: Unused imports: time
  [P4] unused_import: Unused imports: pytest, src
  [P4] unused_import: Unused imports: pytest
  [P4] unused_import: Unused imports: GENESIS_PREV_HASH
  [P4] unused_import: Unused imports: pytest
  [P4] unused_import: Unused imports: json
  [P4] unused_import: Unused imports: yaml
  [P4] unused_import: Unused imports: importlib, json, time
  [P4] unused_import: Unused imports: json, os, shutil, tempfile
  [P4] unused_import: Unused imports: os
  [P4] unused_import: Unused imports: os
  [P4] unused_import: Unused imports: pytest
  [P4] unused_import: Unused imports: pytest
  [P4] unused_import: Unused imports: pytest
  [P4] unused_import: Unused imports: pytest
  [P4] unused_import: Unused imports: pytest
  [P4] unused_import: Unused imports: pytest
  [P4] unused_import: Unused imports: pytest
  [P4] unused_import: Unused imports: pytest
  [P4] unused_import: Unused imports: pytest
  [P4] unused_import: Unused imports: SEMANTIC_SAFETY_BLOCK_THRESHOLD, math
  [P4] unused_import: Unused imports: datetime, format_utc, timezone
  [P4] unused_import: Unused imports: math
  [P4] unused_import: Unused imports: math
  [P4] unused_import: Unused imports: STAGES, STAGE_STRATEGY_MAP, pytest
  [P4] unused_import: Unused imports: itertools, os, re
  [P2] race_condition_risk: Threading usage without Lock/RLock — potential race condition
  [P4] ?: Missing license/copyright header
  [P4] ?: Missing license/copyright header
  [P4] ?: Missing license/copyright header
  [P4] ?: Missing license/copyright header
  [P4] ?: Missing license/copyright header
  [P4] ?: Missing license/copyright header
  [P4] ?: Missing license/copyright header
  [P4] ?: Missing license/copyright header
  [P4] ?: Missing license/copyright header